This is METAFONT, Version 2.7182818 (Web2C 2014) (preloaded base=mf 2015.1.5)  28 JUL 2015 03:30
**references.mdwn references.md
(references.mdwn
>> #Reference.documentation##2.3x
! Isolated expression.
<to be read again> 
                   (
l.3 ## 2.3.x (
              stable)
? ^^[[A
Type <return> to proceed, S to scroll future error messages,
R to run without stopping, Q to run quietly,
I to insert something, E to edit your file,
1 or ... or 9 to ignore the next 1 to 9 tokens of input,
H for help, X to quit.
? 
! Extra tokens will be flushed.
<to be read again> 
                   (
l.3 ## 2.3.x (
              stable)
? X

